Build started 08/05/2014 09:43:39.
     1>Project "C:\Users\Praveer\Documents\Visual Studio 2010\Projects\Particle System\window\window.vcxproj" on node 2 (build target(s)).
     1>InitializeBuildStatus:
         Creating "Release\Particle.unsuccessfulbuild" because "AlwaysCreate" was specified.
       ClCompile:
         C:\Program Files (x86)\Microsoft Visual Studio 10.0\VC\bin\CL.exe /c /I"C:\Users\Praveer\Documents\Visual Studio 2010\glew-1.9.0\include" /I"C:\Users\Praveer\Documents\Visual Studio 2010\freeglut\include" /Zi /nologo /W3 /WX- /O2 /Oi /Oy- /GL /D _MBCS /Gm- /EHsc /MD /GS /Gy /fp:precise /Zc:wchar_t /Zc:forScope /Fo"Release\\" /Fd"Release\vc100.pdb" /Gd /TP /analyze- /errorReport:prompt main.cpp
         main.cpp
     1>main.cpp(67): warning C4244: '=' : conversion from 'int' to 'float', possible loss of data
     1>main.cpp(68): warning C4244: '=' : conversion from 'int' to 'float', possible loss of data
     1>main.cpp(71): warning C4244: '+=' : conversion from 'double' to 'float', possible loss of data
     1>main.cpp(72): warning C4244: '+=' : conversion from 'double' to 'float', possible loss of data
     1>main.cpp(74): warning C4244: '+=' : conversion from 'double' to 'float', possible loss of data
     1>main.cpp(142): warning C4305: 'argument' : truncation from 'double' to 'float'
     1>main.cpp(188): warning C4305: '+=' : truncation from 'double' to 'float'
       Link:
         C:\Program Files (x86)\Microsoft Visual Studio 10.0\VC\bin\link.exe /ERRORREPORT:PROMPT /OUT:"C:\Users\Praveer\Documents\Visual Studio 2010\Projects\Particle System\Release\Particle.exe" /NOLOGO /LIBPATH:"C:\Users\Praveer\Documents\Visual Studio 2010\freeglut\lib" /LIBPATH:"C:\Users\Praveer\Documents\Visual Studio 2010\glew-1.9.0\lib" glew32.lib freeglut.lib kernel32.lib user32.lib gdi32.lib winspool.lib comdlg32.lib advapi32.lib shell32.lib ole32.lib oleaut32.lib uuid.lib odbc32.lib odbccp32.lib /MANIFEST /ManifestFile:"Release\Particle.exe.intermediate.manifest" /MANIFESTUAC:"level='asInvoker' uiAccess='false'" /DEBUG /PDB:"C:\Users\Praveer\Documents\Visual Studio 2010\Projects\Particle System\Release\Particle.pdb" /OPT:REF /OPT:ICF /LTCG /TLBID:1 /DYNAMICBASE /NXCOMPAT /IMPLIB:"C:\Users\Praveer\Documents\Visual Studio 2010\Projects\Particle System\Release\Particle.lib" /MACHINE:X86 Release\main.obj
         Generating code
         Finished generating code
         window.vcxproj -> C:\Users\Praveer\Documents\Visual Studio 2010\Projects\Particle System\Release\Particle.exe
       Manifest:
         C:\Program Files (x86)\Microsoft SDKs\Windows\v7.0A\bin\mt.exe /nologo /verbose /outputresource:"C:\Users\Praveer\Documents\Visual Studio 2010\Projects\Particle System\Release\Particle.exe;#1" /manifest Release\Particle.exe.intermediate.manifest
       FinalizeBuildStatus:
         Deleting file "Release\Particle.unsuccessfulbuild".
         Touching "Release\Particle.lastbuildstate".
     1>Done Building Project "C:\Users\Praveer\Documents\Visual Studio 2010\Projects\Particle System\window\window.vcxproj" (build target(s)).

Build succeeded.

Time Elapsed 00:00:00.83
